<?xml version="1.0" encoding="UTF-8"?>
<testsuite xmlns:xsi="http://www.w3.org/2001/XMLSchema-instance" xsi:noNamespaceSchemaLocation="https://maven.apache.org/surefire/maven-surefire-plugin/xsd/surefire-test-report.xsd" version="3.0.2" name="com.douyin.api.RestfulApiMappingTest" time="0.017" tests="3" errors="0" skipped="0" failures="0">
  <properties>
[...]
</properties>
  <testcase name="requestLogsExposeInputAndOutputForCourseMonitoring" classname="com.douyin.api.RestfulApiMappingTest" time="0.004"/>
  <testcase name="controllersUseVersionedResourcePaths" classname="com.douyin.api.RestfulApiMappingTest" time="0.011"/>
  <testcase name="webConfigMentionsOnlyVersionedPublicAuthRoutes" classname="com.douyin.api.RestfulApiMappingTest" time="0.0"/>
</testsuite>